<?xml version="1.0" encoding="UTF-8"?>
<testsuite xmlns:xsi="http://www.w3.org/2001/XMLSchema-instance" xsi:noNamespaceSchemaLocation="https://maven.apache.org/surefire/maven-surefire-plugin/xsd/surefire-test-report.xsd" name="test.cucumber.RunCukesTest" time="0.2" tests="1" errors="1" skipped="0" failures="0">
  <properties>
    <property name="sun.desktop" value="windows"/>
    <property name="awt.toolkit" value="sun.awt.windows.WToolkit"/>
    <property name="java.specification.version" value="11"/>
    <property name="sun.cpu.isalist" value="amd64"/>
    <property name="sun.jnu.encoding" value="Cp1252"/>
    <property name="java.class.path" value="G:\Cogni softwares\Eclipse\cucumberProj\target\test-classes;G:\Cogni softwares\Eclipse\cucumberProj\target\classes;C:\Users\Admin\.m2\repository\io\cucumber\cucumber-java\5.7.0\cucumber-java-5.7.0.jar;C:\Users\Admin\.m2\repository\io\cucumber\cucumber-core\5.7.0\cucumber-core-5.7.0.jar;C:\Users\Admin\.m2\repository\io\cucumber\cucumber-gherkin\5.7.0\cucumber-gherkin-5.7.0.jar;C:\Users\Admin\.m2\repository\io\cucumber\cucumber-gherkin-vintage\5.7.0\cucumber-gherkin-vintage-5.7.0.jar;C:\Users\Admin\.m2\repository\io\cucumber\tag-expressions\2.0.4\tag-expressions-2.0.4.jar;C:\Users\Admin\.m2\repository\io\cucumber\cucumber-expressions\8.3.1\cucumber-expressions-8.3.1.jar;C:\Users\Admin\.m2\repository\io\cucumber\datatable\3.3.1\datatable-3.3.1.jar;C:\Users\Admin\.m2\repository\io\cucumber\cucumber-plugin\5.7.0\cucumber-plugin-5.7.0.jar;C:\Users\Admin\.m2\repository\io\cucumber\docstring\5.7.0\docstring-5.7.0.jar;C:\Users\Admin\.m2\repository\org\apiguardian\apiguardian-api\1.1.0\apiguardian-api-1.1.0.jar;C:\Users\Admin\.m2\repository\junit\junit\4.13\junit-4.13.jar;C:\Users\Admin\.m2\repository\org\hamcrest\hamcrest-core\1.3\hamcrest-core-1.3.jar;C:\Users\Admin\.m2\repository\io\cucumber\cucumber-junit\5.7.0\cucumber-junit-5.7.0.jar;C:\Users\Admin\.m2\repository\org\seleniumhq\selenium\selenium-java\4.0.0-alpha-5\selenium-java-4.0.0-alpha-5.jar;C:\Users\Admin\.m2\repository\org\seleniumhq\selenium\selenium-api\4.0.0-alpha-5\selenium-api-4.0.0-alpha-5.jar;C:\Users\Admin\.m2\repository\org\seleniumhq\selenium\selenium-chrome-driver\4.0.0-alpha-5\selenium-chrome-driver-4.0.0-alpha-5.jar;C:\Users\Admin\.m2\repository\com\google\auto\service\auto-service-annotations\1.0-rc6\auto-service-annotations-1.0-rc6.jar;C:\Users\Admin\.m2\repository\com\google\auto\service\auto-service\1.0-rc6\auto-service-1.0-rc6.jar;C:\Users\Admin\.m2\repository\com\google\auto\auto-common\0.10\auto-common-0.10.jar;C:\Users\Admin\.m2\repository\com\google\guava\guava\28.2-jre\guava-28.2-jre.jar;C:\Users\Admin\.m2\repository\com\google\guava\failureaccess\1.0.1\failureaccess-1.0.1.jar;C:\Users\Admin\.m2\repository\com\google\guava\listenablefuture\9999.0-empty-to-avoid-conflict-with-guava\listenablefuture-9999.0-empty-to-avoid-conflict-with-guava.jar;C:\Users\Admin\.m2\repository\com\google\code\findbugs\jsr305\3.0.2\jsr305-3.0.2.jar;C:\Users\Admin\.m2\repository\org\checkerframework\checker-qual\2.10.0\checker-qual-2.10.0.jar;C:\Users\Admin\.m2\repository\com\google\errorprone\error_prone_annotations\2.3.4\error_prone_annotations-2.3.4.jar;C:\Users\Admin\.m2\repository\com\google\j2objc\j2objc-annotations\1.3\j2objc-annotations-1.3.jar;C:\Users\Admin\.m2\repository\org\seleniumhq\selenium\selenium-chromium-driver\4.0.0-alpha-5\selenium-chromium-driver-4.0.0-alpha-5.jar;C:\Users\Admin\.m2\repository\org\seleniumhq\selenium\selenium-devtools\4.0.0-alpha-5\selenium-devtools-4.0.0-alpha-5.jar;C:\Users\Admin\.m2\repository\org\seleniumhq\selenium\selenium-http\4.0.0-alpha-5\selenium-http-4.0.0-alpha-5.jar;C:\Users\Admin\.m2\repository\org\seleniumhq\selenium\selenium-json\4.0.0-alpha-5\selenium-json-4.0.0-alpha-5.jar;C:\Users\Admin\.m2\repository\org\seleniumhq\selenium\selenium-edge-driver\4.0.0-alpha-5\selenium-edge-driver-4.0.0-alpha-5.jar;C:\Users\Admin\.m2\repository\org\seleniumhq\selenium\selenium-edgehtml-driver\4.0.0-alpha-5\selenium-edgehtml-driver-4.0.0-alpha-5.jar;C:\Users\Admin\.m2\repository\org\seleniumhq\selenium\selenium-firefox-driver\4.0.0-alpha-5\selenium-firefox-driver-4.0.0-alpha-5.jar;C:\Users\Admin\.m2\repository\org\seleniumhq\selenium\selenium-firefox-xpi-driver\4.0.0-alpha-5\selenium-firefox-xpi-driver-4.0.0-alpha-5.jar;C:\Users\Admin\.m2\repository\org\seleniumhq\selenium\selenium-ie-driver\4.0.0-alpha-5\selenium-ie-driver-4.0.0-alpha-5.jar;C:\Users\Admin\.m2\repository\org\seleniumhq\selenium\selenium-opera-driver\4.0.0-alpha-5\selenium-opera-driver-4.0.0-alpha-5.jar;C:\Users\Admin\.m2\repository\org\seleniumhq\selenium\selenium-remote-driver\4.0.0-alpha-5\selenium-remote-driver-4.0.0-alpha-5.jar;C:\Users\Admin\.m2\repository\com\squareup\okhttp3\okhttp\4.4.1\okhttp-4.4.1.jar;C:\Users\Admin\.m2\repository\org\jetbrains\kotlin\kotlin-stdlib\1.3.61\kotlin-stdlib-1.3.61.jar;C:\Users\Admin\.m2\repository\org\jetbrains\annotations\13.0\annotations-13.0.jar;C:\Users\Admin\.m2\repository\com\squareup\okio\okio\2.4.3\okio-2.4.3.jar;C:\Users\Admin\.m2\repository\org\jetbrains\kotlin\kotlin-stdlib-common\1.3.61\kotlin-stdlib-common-1.3.61.jar;C:\Users\Admin\.m2\repository\com\typesafe\netty\netty-reactive-streams\2.0.4\netty-reactive-streams-2.0.4.jar;C:\Users\Admin\.m2\repository\io\netty\netty-handler\4.1.43.Final\netty-handler-4.1.43.Final.jar;C:\Users\Admin\.m2\repository\org\reactivestreams\reactive-streams\1.0.3\reactive-streams-1.0.3.jar;C:\Users\Admin\.m2\repository\io\netty\netty-buffer\4.1.47.Final\netty-buffer-4.1.47.Final.jar;C:\Users\Admin\.m2\repository\io\netty\netty-common\4.1.47.Final\netty-common-4.1.47.Final.jar;C:\Users\Admin\.m2\repository\io\netty\netty-codec-http\4.1.47.Final\netty-codec-http-4.1.47.Final.jar;C:\Users\Admin\.m2\repository\io\netty\netty-codec\4.1.47.Final\netty-codec-4.1.47.Final.jar;C:\Users\Admin\.m2\repository\io\netty\netty-transport-native-epoll\4.1.47.Final\netty-transport-native-epoll-4.1.47.Final.jar;C:\Users\Admin\.m2\repository\io\netty\netty-transport-native-epoll\4.1.47.Final\netty-transport-native-epoll-4.1.47.Final-linux-x86_64.jar;C:\Users\Admin\.m2\repository\io\netty\netty-transport-native-kqueue\4.1.47.Final\netty-transport-native-kqueue-4.1.47.Final.jar;C:\Users\Admin\.m2\repository\io\netty\netty-transport-native-kqueue\4.1.47.Final\netty-transport-native-kqueue-4.1.47.Final-osx-x86_64.jar;C:\Users\Admin\.m2\repository\io\netty\netty-transport-native-unix-common\4.1.47.Final\netty-transport-native-unix-common-4.1.47.Final.jar;C:\Users\Admin\.m2\repository\io\netty\netty-transport\4.1.47.Final\netty-transport-4.1.47.Final.jar;C:\Users\Admin\.m2\repository\io\netty\netty-resolver\4.1.47.Final\netty-resolver-4.1.47.Final.jar;C:\Users\Admin\.m2\repository\io\opentelemetry\opentelemetry-api\0.2.0\opentelemetry-api-0.2.0.jar;C:\Users\Admin\.m2\repository\io\grpc\grpc-context\1.24.0\grpc-context-1.24.0.jar;C:\Users\Admin\.m2\repository\net\bytebuddy\byte-buddy\1.10.8\byte-buddy-1.10.8.jar;C:\Users\Admin\.m2\repository\org\apache\commons\commons-exec\1.3\commons-exec-1.3.jar;C:\Users\Admin\.m2\repository\org\asynchttpclient\async-http-client\2.11.0\async-http-client-2.11.0.jar;C:\Users\Admin\.m2\repository\org\asynchttpclient\async-http-client-netty-utils\2.11.0\async-http-client-netty-utils-2.11.0.jar;C:\Users\Admin\.m2\repository\io\netty\netty-codec-socks\4.1.46.Final\netty-codec-socks-4.1.46.Final.jar;C:\Users\Admin\.m2\repository\io\netty\netty-handler-proxy\4.1.46.Final\netty-handler-proxy-4.1.46.Final.jar;C:\Users\Admin\.m2\repository\org\slf4j\slf4j-api\1.7.30\slf4j-api-1.7.30.jar;C:\Users\Admin\.m2\repository\com\sun\activation\javax.activation\1.2.0\javax.activation-1.2.0.jar;C:\Users\Admin\.m2\repository\org\seleniumhq\selenium\selenium-safari-driver\4.0.0-alpha-5\selenium-safari-driver-4.0.0-alpha-5.jar;C:\Users\Admin\.m2\repository\org\seleniumhq\selenium\selenium-support\4.0.0-alpha-5\selenium-support-4.0.0-alpha-5.jar;"/>
    <property name="java.vm.vendor" value="Oracle Corporation"/>
    <property name="sun.arch.data.model" value="64"/>
    <property name="user.variant" value=""/>
    <property name="java.vendor.url" value="http://java.oracle.com/"/>
    <property name="user.timezone" value="Asia/Calcutta"/>
    <property name="java.vm.specification.version" value="11"/>
    <property name="os.name" value="Windows 10"/>
    <property name="sun.java.launcher" value="SUN_STANDARD"/>
    <property name="user.country" value="IN"/>
    <property name="sun.boot.library.path" value="C:\Program Files\Java\jdk-11.0.2\bin"/>
    <property name="sun.java.command" value="C:\Users\Admin\AppData\Local\Temp\surefire9023882059413291043\surefirebooter8501571708585122046.jar C:\Users\Admin\AppData\Local\Temp\surefire9023882059413291043 2021-08-19T15-14-09_992-jvmRun1 surefire4881975226296904925tmp surefire_016614139019994010701tmp"/>
    <property name="jdk.debug" value="release"/>
    <property name="surefire.test.class.path" value="G:\Cogni softwares\Eclipse\cucumberProj\target\test-classes;G:\Cogni softwares\Eclipse\cucumberProj\target\classes;C:\Users\Admin\.m2\repository\io\cucumber\cucumber-java\5.7.0\cucumber-java-5.7.0.jar;C:\Users\Admin\.m2\repository\io\cucumber\cucumber-core\5.7.0\cucumber-core-5.7.0.jar;C:\Users\Admin\.m2\repository\io\cucumber\cucumber-gherkin\5.7.0\cucumber-gherkin-5.7.0.jar;C:\Users\Admin\.m2\repository\io\cucumber\cucumber-gherkin-vintage\5.7.0\cucumber-gherkin-vintage-5.7.0.jar;C:\Users\Admin\.m2\repository\io\cucumber\tag-expressions\2.0.4\tag-expressions-2.0.4.jar;C:\Users\Admin\.m2\repository\io\cucumber\cucumber-expressions\8.3.1\cucumber-expressions-8.3.1.jar;C:\Users\Admin\.m2\repository\io\cucumber\datatable\3.3.1\datatable-3.3.1.jar;C:\Users\Admin\.m2\repository\io\cucumber\cucumber-plugin\5.7.0\cucumber-plugin-5.7.0.jar;C:\Users\Admin\.m2\repository\io\cucumber\docstring\5.7.0\docstring-5.7.0.jar;C:\Users\Admin\.m2\repository\org\apiguardian\apiguardian-api\1.1.0\apiguardian-api-1.1.0.jar;C:\Users\Admin\.m2\repository\junit\junit\4.13\junit-4.13.jar;C:\Users\Admin\.m2\repository\org\hamcrest\hamcrest-core\1.3\hamcrest-core-1.3.jar;C:\Users\Admin\.m2\repository\io\cucumber\cucumber-junit\5.7.0\cucumber-junit-5.7.0.jar;C:\Users\Admin\.m2\repository\org\seleniumhq\selenium\selenium-java\4.0.0-alpha-5\selenium-java-4.0.0-alpha-5.jar;C:\Users\Admin\.m2\repository\org\seleniumhq\selenium\selenium-api\4.0.0-alpha-5\selenium-api-4.0.0-alpha-5.jar;C:\Users\Admin\.m2\repository\org\seleniumhq\selenium\selenium-chrome-driver\4.0.0-alpha-5\selenium-chrome-driver-4.0.0-alpha-5.jar;C:\Users\Admin\.m2\repository\com\google\auto\service\auto-service-annotations\1.0-rc6\auto-service-annotations-1.0-rc6.jar;C:\Users\Admin\.m2\repository\com\google\auto\service\auto-service\1.0-rc6\auto-service-1.0-rc6.jar;C:\Users\Admin\.m2\repository\com\google\auto\auto-common\0.10\auto-common-0.10.jar;C:\Users\Admin\.m2\repository\com\google\guava\guava\28.2-jre\guava-28.2-jre.jar;C:\Users\Admin\.m2\repository\com\google\guava\failureaccess\1.0.1\failureaccess-1.0.1.jar;C:\Users\Admin\.m2\repository\com\google\guava\listenablefuture\9999.0-empty-to-avoid-conflict-with-guava\listenablefuture-9999.0-empty-to-avoid-conflict-with-guava.jar;C:\Users\Admin\.m2\repository\com\google\code\findbugs\jsr305\3.0.2\jsr305-3.0.2.jar;C:\Users\Admin\.m2\repository\org\checkerframework\checker-qual\2.10.0\checker-qual-2.10.0.jar;C:\Users\Admin\.m2\repository\com\google\errorprone\error_prone_annotations\2.3.4\error_prone_annotations-2.3.4.jar;C:\Users\Admin\.m2\repository\com\google\j2objc\j2objc-annotations\1.3\j2objc-annotations-1.3.jar;C:\Users\Admin\.m2\repository\org\seleniumhq\selenium\selenium-chromium-driver\4.0.0-alpha-5\selenium-chromium-driver-4.0.0-alpha-5.jar;C:\Users\Admin\.m2\repository\org\seleniumhq\selenium\selenium-devtools\4.0.0-alpha-5\selenium-devtools-4.0.0-alpha-5.jar;C:\Users\Admin\.m2\repository\org\seleniumhq\selenium\selenium-http\4.0.0-alpha-5\selenium-http-4.0.0-alpha-5.jar;C:\Users\Admin\.m2\repository\org\seleniumhq\selenium\selenium-json\4.0.0-alpha-5\selenium-json-4.0.0-alpha-5.jar;C:\Users\Admin\.m2\repository\org\seleniumhq\selenium\selenium-edge-driver\4.0.0-alpha-5\selenium-edge-driver-4.0.0-alpha-5.jar;C:\Users\Admin\.m2\repository\org\seleniumhq\selenium\selenium-edgehtml-driver\4.0.0-alpha-5\selenium-edgehtml-driver-4.0.0-alpha-5.jar;C:\Users\Admin\.m2\repository\org\seleniumhq\selenium\selenium-firefox-driver\4.0.0-alpha-5\selenium-firefox-driver-4.0.0-alpha-5.jar;C:\Users\Admin\.m2\repository\org\seleniumhq\selenium\selenium-firefox-xpi-driver\4.0.0-alpha-5\selenium-firefox-xpi-driver-4.0.0-alpha-5.jar;C:\Users\Admin\.m2\repository\org\seleniumhq\selenium\selenium-ie-driver\4.0.0-alpha-5\selenium-ie-driver-4.0.0-alpha-5.jar;C:\Users\Admin\.m2\repository\org\seleniumhq\selenium\selenium-opera-driver\4.0.0-alpha-5\selenium-opera-driver-4.0.0-alpha-5.jar;C:\Users\Admin\.m2\repository\org\seleniumhq\selenium\selenium-remote-driver\4.0.0-alpha-5\selenium-remote-driver-4.0.0-alpha-5.jar;C:\Users\Admin\.m2\repository\com\squareup\okhttp3\okhttp\4.4.1\okhttp-4.4.1.jar;C:\Users\Admin\.m2\repository\org\jetbrains\kotlin\kotlin-stdlib\1.3.61\kotlin-stdlib-1.3.61.jar;C:\Users\Admin\.m2\repository\org\jetbrains\annotations\13.0\annotations-13.0.jar;C:\Users\Admin\.m2\repository\com\squareup\okio\okio\2.4.3\okio-2.4.3.jar;C:\Users\Admin\.m2\repository\org\jetbrains\kotlin\kotlin-stdlib-common\1.3.61\kotlin-stdlib-common-1.3.61.jar;C:\Users\Admin\.m2\repository\com\typesafe\netty\netty-reactive-streams\2.0.4\netty-reactive-streams-2.0.4.jar;C:\Users\Admin\.m2\repository\io\netty\netty-handler\4.1.43.Final\netty-handler-4.1.43.Final.jar;C:\Users\Admin\.m2\repository\org\reactivestreams\reactive-streams\1.0.3\reactive-streams-1.0.3.jar;C:\Users\Admin\.m2\repository\io\netty\netty-buffer\4.1.47.Final\netty-buffer-4.1.47.Final.jar;C:\Users\Admin\.m2\repository\io\netty\netty-common\4.1.47.Final\netty-common-4.1.47.Final.jar;C:\Users\Admin\.m2\repository\io\netty\netty-codec-http\4.1.47.Final\netty-codec-http-4.1.47.Final.jar;C:\Users\Admin\.m2\repository\io\netty\netty-codec\4.1.47.Final\netty-codec-4.1.47.Final.jar;C:\Users\Admin\.m2\repository\io\netty\netty-transport-native-epoll\4.1.47.Final\netty-transport-native-epoll-4.1.47.Final.jar;C:\Users\Admin\.m2\repository\io\netty\netty-transport-native-epoll\4.1.47.Final\netty-transport-native-epoll-4.1.47.Final-linux-x86_64.jar;C:\Users\Admin\.m2\repository\io\netty\netty-transport-native-kqueue\4.1.47.Final\netty-transport-native-kqueue-4.1.47.Final.jar;C:\Users\Admin\.m2\repository\io\netty\netty-transport-native-kqueue\4.1.47.Final\netty-transport-native-kqueue-4.1.47.Final-osx-x86_64.jar;C:\Users\Admin\.m2\repository\io\netty\netty-transport-native-unix-common\4.1.47.Final\netty-transport-native-unix-common-4.1.47.Final.jar;C:\Users\Admin\.m2\repository\io\netty\netty-transport\4.1.47.Final\netty-transport-4.1.47.Final.jar;C:\Users\Admin\.m2\repository\io\netty\netty-resolver\4.1.47.Final\netty-resolver-4.1.47.Final.jar;C:\Users\Admin\.m2\repository\io\opentelemetry\opentelemetry-api\0.2.0\opentelemetry-api-0.2.0.jar;C:\Users\Admin\.m2\repository\io\grpc\grpc-context\1.24.0\grpc-context-1.24.0.jar;C:\Users\Admin\.m2\repository\net\bytebuddy\byte-buddy\1.10.8\byte-buddy-1.10.8.jar;C:\Users\Admin\.m2\repository\org\apache\commons\commons-exec\1.3\commons-exec-1.3.jar;C:\Users\Admin\.m2\repository\org\asynchttpclient\async-http-client\2.11.0\async-http-client-2.11.0.jar;C:\Users\Admin\.m2\repository\org\asynchttpclient\async-http-client-netty-utils\2.11.0\async-http-client-netty-utils-2.11.0.jar;C:\Users\Admin\.m2\repository\io\netty\netty-codec-socks\4.1.46.Final\netty-codec-socks-4.1.46.Final.jar;C:\Users\Admin\.m2\repository\io\netty\netty-handler-proxy\4.1.46.Final\netty-handler-proxy-4.1.46.Final.jar;C:\Users\Admin\.m2\repository\org\slf4j\slf4j-api\1.7.30\slf4j-api-1.7.30.jar;C:\Users\Admin\.m2\repository\com\sun\activation\javax.activation\1.2.0\javax.activation-1.2.0.jar;C:\Users\Admin\.m2\repository\org\seleniumhq\selenium\selenium-safari-driver\4.0.0-alpha-5\selenium-safari-driver-4.0.0-alpha-5.jar;C:\Users\Admin\.m2\repository\org\seleniumhq\selenium\selenium-support\4.0.0-alpha-5\selenium-support-4.0.0-alpha-5.jar;"/>
    <property name="sun.cpu.endian" value="little"/>
    <property name="user.home" value="C:\Users\Admin"/>
    <property name="user.language" value="en"/>
    <property name="java.specification.vendor" value="Oracle Corporation"/>
    <property name="java.version.date" value="2019-01-15"/>
    <property name="java.home" value="C:\Program Files\Java\jdk-11.0.2"/>
    <property name="file.separator" value="\"/>
    <property name="basedir" value="G:\Cogni softwares\Eclipse\cucumberProj"/>
    <property name="java.vm.compressedOopsMode" value="32-bit"/>
    <property name="line.separator" value="&#10;"/>
    <property name="java.specification.name" value="Java Platform API Specification"/>
    <property name="java.vm.specification.vendor" value="Oracle Corporation"/>
    <property name="java.awt.graphicsenv" value="sun.awt.Win32GraphicsEnvironment"/>
    <property name="surefire.real.class.path" value="C:\Users\Admin\AppData\Local\Temp\surefire9023882059413291043\surefirebooter8501571708585122046.jar"/>
    <property name="user.script" value=""/>
    <property name="sun.management.compiler" value="HotSpot 64-Bit Tiered Compilers"/>
    <property name="java.runtime.version" value="11.0.2+9-LTS"/>
    <property name="user.name" value="Admin"/>
    <property name="path.separator" value=";"/>
    <property name="os.version" value="10.0"/>
    <property name="java.runtime.name" value="Java(TM) SE Runtime Environment"/>
    <property name="file.encoding" value="Cp1252"/>
    <property name="java.vm.name" value="Java HotSpot(TM) 64-Bit Server VM"/>
    <property name="java.vendor.version" value="18.9"/>
    <property name="localRepository" value="C:\Users\Admin\.m2\repository"/>
    <property name="java.vendor.url.bug" value="http://bugreport.java.com/bugreport/"/>
    <property name="java.io.tmpdir" value="C:\Users\Admin\AppData\Local\Temp\"/>
    <property name="java.version" value="11.0.2"/>
    <property name="user.dir" value="G:\Cogni softwares\Eclipse\cucumberProj"/>
    <property name="os.arch" value="amd64"/>
    <property name="java.vm.specification.name" value="Java Virtual Machine Specification"/>
    <property name="java.awt.printerjob" value="sun.awt.windows.WPrinterJob"/>
    <property name="sun.os.patch.level" value=""/>
    <property name="java.library.path" value="C:\Program Files\Java\jdk-11.0.2\bin;C:\WINDOWS\Sun\Java\bin;C:\WINDOWS\system32;C:\WINDOWS;C:/Program Files/Java/jdk-11.0.2/bin/server;C:/Program Files/Java/jdk-11.0.2/bin;C:\Program Files (x86)\Common Files\Oracle\Java\javapath;C:\Program Files (x86)\NVIDIA Corporation\PhysX\Common;C:\Program Files (x86)\Intel\iCLS Client\;C:\ProgramData\Oracle\Java\javapath;C:\Program Files\Intel\iCLS Client\;C:\windows\system32;C:\windows;C:\windows\System32\Wbem;C:\windows\System32\WindowsPowerShell\v1.0\;C:\Program Files\Microsoft\Web Platform Installer\;C:\Program Files (x86)\Microsoft ASP.NET\ASP.NET Web Pages\v1.0\;C:\Program Files (x86)\Windows Kits\8.0\Windows Performance Toolkit\;C:\Program Files (x86)\Windows Kits\8.1\Windows Performance Toolkit\;C:\WINDOWS\system32;C:\WINDOWS;C:\WINDOWS\System32\Wbem;C:\WINDOWS\System32\WindowsPowerShell\v1.0\;C:\WINDOWS\System32\OpenSSH\;C:\Program Files (x86)\Intel\Intel(R) Management Engine Components\DAL;C:\Program Files\Intel\Intel(R) Management Engine Components\DAL;C:\Program Files (x86)\Intel\Intel(R) Management Engine Components\IPT;C:\Program Files\Intel\Intel(R) Management Engine Components\IPT;C:\Program Files\Git\cmd;C:\Program Files\nodejs\;G:\Cogni softwares\command;C:\Users\Admin\AppData\Local\Microsoft\WindowsApps;C:\Program Files\Git\bin\git.exe;C:\Users\Admin\AppData\Local\Programs\Microsoft VS Code\bin;C:\Users\Admin\AppData\Roaming\npm;G:\Cogni softwares\IntelliJ IDEA Community Edition 2020.3.1\bin;;;C:\WINDOWS\system32;;."/>
    <property name="java.vendor" value="Oracle Corporation"/>
    <property name="java.vm.info" value="mixed mode"/>
    <property name="java.vm.version" value="11.0.2+9-LTS"/>
    <property name="sun.io.unicode.encoding" value="UnicodeLittle"/>
    <property name="java.class.version" value="55.0"/>
  </properties>
  <testcase name="initializationError" classname="test.cucumber.RunCukesTest" time="0.012">
    <error message="Provider &quot;html&quot; not installed" type="java.nio.file.FileSystemNotFoundException">java.nio.file.FileSystemNotFoundException: Provider "html" not installed
</error>
  </testcase>
</testsuite>